2022-05-03T20:09:12: PM2 log: ===============================================================================
2022-05-03T20:09:12: PM2 log: --- New PM2 Daemon started ----------------------------------------------------
2022-05-03T20:09:12: PM2 log: Time                 : Tue May 03 2022 20:09:12 GMT+0000 (Coordinated Universal Time)
2022-05-03T20:09:12: PM2 log: PM2 version          : 5.2.0
2022-05-03T20:09:12: PM2 log: Node.js version      : 16.15.0
2022-05-03T20:09:12: PM2 log: Current arch         : x64
2022-05-03T20:09:12: PM2 log: PM2 home             : /home/annsyharevskaya/.pm2
2022-05-03T20:09:12: PM2 log: PM2 PID file         : /home/annsyharevskaya/.pm2/pm2.pid
2022-05-03T20:09:12: PM2 log: RPC socket file      : /home/annsyharevskaya/.pm2/rpc.sock
2022-05-03T20:09:12: PM2 log: BUS socket file      : /home/annsyharevskaya/.pm2/pub.sock
2022-05-03T20:09:12: PM2 log: Application log path : /home/annsyharevskaya/.pm2/logs
2022-05-03T20:09:12: PM2 log: Worker Interval      : 30000
2022-05-03T20:09:12: PM2 log: Process dump file    : /home/annsyharevskaya/.pm2/dump.pm2
2022-05-03T20:09:12: PM2 log: Concurrent actions   : 2
2022-05-03T20:09:12: PM2 log: SIGTERM timeout      : 1600
2022-05-03T20:09:12: PM2 log: ===============================================================================
2022-05-03T20:09:12: PM2 log: App [app:0] starting in -fork mode-
2022-05-03T20:09:12: PM2 log: App [app:0] online
2022-05-04T20:26:24: PM2 log: Stopping app:app id:0
2022-05-04T20:26:24: PM2 log: App [app:0] exited with code [0] via signal [SIGINT]
2022-05-04T20:26:24: PM2 log: pid=4880 msg=process killed
2022-05-04T20:26:24: PM2 log: App [app:0] starting in -fork mode-
2022-05-04T20:26:24: PM2 log: App [app:0] online
