0 verbose cli [ '/usr/bin/node', '/usr/bin/npm', 'start' ]
1 info using npm@8.5.5
2 info using node@v16.15.0
3 timing npm:load:whichnode Completed in 0ms
4 timing config:load:defaults Completed in 2ms
5 timing config:load:file:/usr/lib/node_modules/npm/npmrc Completed in 0ms
6 timing config:load:builtin Completed in 1ms
7 timing config:load:cli Completed in 1ms
8 timing config:load:env Completed in 0ms
9 timing config:load:project Completed in 12ms
10 timing config:load:file:/home/annsyharevskaya/.npmrc Completed in 0ms
11 timing config:load:user Completed in 0ms
12 timing config:load:file:/usr/etc/npmrc Completed in 0ms
13 timing config:load:global Completed in 1ms
14 timing config:load:validate Completed in 0ms
15 timing config:load:credentials Completed in 1ms
16 timing config:load:setEnvs Completed in 0ms
17 timing config:load Completed in 19ms
18 timing npm:load:configload Completed in 20ms
19 timing npm:load:setTitle Completed in 0ms
20 timing config:load:flatten Completed in 2ms
21 timing npm:load:display Completed in 3ms
22 verbose logfile /home/annsyharevskaya/.npm/_logs/2022-05-10T16_38_14_446Z-debug-0.log
23 timing npm:load:logFile Completed in 6ms
24 timing npm:load:timers Completed in 0ms
25 timing npm:load:configScope Completed in 0ms
26 timing npm:load Completed in 29ms
27 timing command:run-script Completed in 2ms
28 timing command:start Completed in 4ms
29 verbose stack Error: ENOENT: no such file or directory, open '/home/annsyharevskaya/package.json'
30 verbose cwd /home/annsyharevskaya
31 verbose Linux 5.4.0-109-generic
32 verbose argv "/usr/bin/node" "/usr/bin/npm" "start"
33 verbose node v16.15.0
34 verbose npm  v8.5.5
35 error code ENOENT
36 error syscall open
37 error path /home/annsyharevskaya/package.json
38 error errno -2
39 error enoent ENOENT: no such file or directory, open '/home/annsyharevskaya/package.json'
40 error enoent This is related to npm not being able to find a file.
40 error enoent
41 verbose exit -2
42 timing npm Completed in 159ms
43 verbose code -2
44 error A complete log of this run can be found in:
44 error     /home/annsyharevskaya/.npm/_logs/2022-05-10T16_38_14_446Z-debug-0.log
